#
# There is insufficient memory for the Java Runtime Environment to continue.
# Native memory allocation (malloc) failed to allocate 3058576 bytes for Chunk::new
# Possible reasons:
#   The system is out of physical RAM or swap space
#   The process is running with CompressedOops enabled, and the Java Heap may be blocking the growth of the native heap
# Possible solutions:
#   Reduce memory load on the system
#   Increase physical memory or swap space
#   Check if swap backing store is full
#   Decrease Java heap size (-Xmx/-Xms)
#   Decrease number of Java threads
#   Decrease Java thread stack sizes (-Xss)
#   Set larger code cache with -XX:ReservedCodeCacheSize=
#   JVM is running with Unscaled Compressed Oops mode in which the Java heap is
#     placed in the first 4GB address space. The Java Heap base address is the
#     maximum limit for the native heap growth. Please use -XX:HeapBaseMinAddress
#     to set the Java Heap base and to place the Java Heap above 4GB virtual address.
# This output file may be truncated or incomplete.
#
#  Out of Memory Error (allocation.cpp:389), pid=10108, tid=0x0000000000003d38
#
# JRE version: OpenJDK Runtime Environment (8.0_212-b04) (build 1.8.0_212-release-1586-b04)
# Java VM: OpenJDK 64-Bit Server VM (25.212-b04 mixed mode windows-amd64 compressed oops)
# Failed to write core dump. Minidumps are not enabled by default on client versions of Windows
#

---------------  T H R E A D  ---------------

Current thread (0x0000000016d0c000):  JavaThread "C2 CompilerThread0" daemon [_thread_in_native, id=15672, stack(0x0000000018380000,0x0000000018480000)]

Stack: [0x0000000018380000,0x0000000018480000]
[error occurred during error reporting (printing stack bounds), id 0xc0000005]

Native frames: (J=compiled Java code, j=interpreted, Vv=VM code, C=native code)


Current CompileTask:
C2:1389681 28134   !   4       com.android.tools.r8.dex.m::b (2743 bytes)


---------------  P R O C E S S  ---------------

Java Threads: ( => current thread )
  0x000000001d6b8800 JavaThread "ForkJoinPool-12-worker-0" daemon [_thread_blocked, id=13700, stack(0x000000002ea50000,0x000000002eb50000)]
  0x000000001d6bb800 JavaThread "ForkJoinPool-12-worker-3" daemon [_thread_blocked, id=17104, stack(0x000000002e950000,0x000000002ea50000)]
  0x000000001d6b8000 JavaThread "ForkJoinPool-12-worker-2" daemon [_thread_blocked, id=5168, stack(0x000000002e850000,0x000000002e950000)]
  0x000000001d6bb000 JavaThread "ForkJoinPool-12-worker-1" daemon [_thread_in_Java, id=8800, stack(0x000000002e750000,0x000000002e850000)]
  0x000000001d6ba000 JavaThread "WorkerExecutor Queue Thread 7" [_thread_blocked, id=15472, stack(0x0000000028550000,0x0000000028650000)]
  0x000000001d6b9800 JavaThread "WorkerExecutor Queue Thread 6" [_thread_blocked, id=10928, stack(0x0000000028350000,0x0000000028450000)]
  0x0000000021e82800 JavaThread "Cache worker for Java compile cache (F:\University\Third year\Second Semester\Mobile and Wearable Application Development\ActionBar\project3\.gradle\5.6.4\javaCompile)" [_thread_blocked, id=3228, stack(0x00000000280a0000,0x00000000281a0000)]
  0x0000000018e1d800 JavaThread "WorkerExecutor Queue Thread 5" [_thread_blocked, id=3596, stack(0x000000002e3a0000,0x000000002e4a0000)]
  0x0000000018e1b000 JavaThread "stdout" [_thread_in_native, id=2732, stack(0x000000002d050000,0x000000002d150000)]
  0x0000000018e1a000 JavaThread "stderr" [_thread_in_native, id=9088, stack(0x000000002cf50000,0x000000002d050000)]
  0x0000000021dfd000 JavaThread "stdout" [_thread_in_native, id=7708, stack(0x000000002cc40000,0x000000002cd40000)]
  0x0000000021e04000 JavaThread "stderr" [_thread_in_native, id=8496, stack(0x000000002cb40000,0x000000002cc40000)]
  0x0000000021e03000 JavaThread "stdout" [_thread_in_native, id=9096, stack(0x0000000028ba0000,0x0000000028ca0000)]
  0x0000000021e01000 JavaThread "stderr" [_thread_in_native, id=7020, stack(0x0000000028850000,0x0000000028950000)]
  0x0000000021dff800 JavaThread "stdout" [_thread_in_native, id=2744, stack(0x0000000028750000,0x0000000028850000)]
  0x0000000021e8f800 JavaThread "stderr" [_thread_in_native, id=15900, stack(0x0000000028650000,0x0000000028750000)]
  0x0000000021e8e800 JavaThread "pool-26-thread-1" [_thread_blocked, id=15544, stack(0x0000000026f60000,0x0000000027060000)]
  0x0000000021e8c800 JavaThread "WorkerExecutor Queue Thread 3" [_thread_blocked, id=5668, stack(0x0000000028450000,0x0000000028550000)]
  0x000000001daf5800 JavaThread "Cache worker for execution history cache (F:\University\Third year\Second Semester\Mobile and Wearable Application Development\ActionBar\project3\.gradle\5.6.4\executionHistory)" [_thread_blocked, id=8776, stack(0x0000000028250000,0x0000000028350000)]
  0x000000001daf5000 JavaThread "Execution worker for ':' Thread 3" [_thread_blocked, id=8612, stack(0x0000000026e60000,0x0000000026f60000)]
  0x000000001daf4000 JavaThread "Execution worker for ':' Thread 2" [_thread_blocked, id=8912, stack(0x0000000026900000,0x0000000026a00000)]
  0x000000001daf3800 JavaThread "Execution worker for ':'" [_thread_blocked, id=10884, stack(0x0000000026800000,0x0000000026900000)]
  0x000000001daeb000 JavaThread "Cache worker for file content cache (F:\University\Third year\Second Semester\Mobile and Wearable Application Development\ActionBar\project3\.gradle\5.6.4\fileContent)" [_thread_blocked, id=17256, stack(0x0000000026500000,0x0000000026600000)]
  0x000000001daec000 JavaThread "Cache worker for Build Output Cleanup Cache (F:\University\Third year\Second Semester\Mobile and Wearable Application Development\ActionBar\project3\.gradle\buildOutputCleanup)" [_thread_blocked, id=9740, stack(0x00000000240d0000,0x00000000241d0000)]
  0x000000001daf2000 JavaThread "Build operations Thread 4" [_thread_blocked, id=9500, stack(0x00000000236c0000,0x00000000237c0000)]
  0x000000001dae9800 JavaThread "Build operations Thread 3" [_thread_blocked, id=13840, stack(0x0000000021220000,0x0000000021320000)]
  0x000000001daf0800 JavaThread "Build operations Thread 2" [_thread_blocked, id=5992, stack(0x0000000020e70000,0x0000000020f70000)]
  0x000000001daee000 JavaThread "Build operations" [_thread_blocked, id=17292, stack(0x0000000020870000,0x0000000020970000)]
  0x000000001daef800 JavaThread "Cache worker for cache directory md-rule (C:\Users\shaun\.gradle\caches\5.6.4\md-rule)" [_thread_blocked, id=6244, stack(0x0000000020770000,0x0000000020870000)]
  0x000000001a730800 JavaThread "Cache worker for cache directory md-supplier (C:\Users\shaun\.gradle\caches\5.6.4\md-supplier)" [_thread_blocked, id=18376, stack(0x000000001f240000,0x000000001f340000)]
  0x000000001a733800 JavaThread "Cache worker for file hash cache (F:\University\Third year\Second Semester\Mobile and Wearable Application Development\ActionBar\project3\.gradle\5.6.4\fileHashes)" [_thread_blocked, id=18128, stack(0x000000001c5a0000,0x000000001c6a0000)]
  0x000000001a72f800 JavaThread "Thread-167" [_thread_blocked, id=1704, stack(0x000000001c2a0000,0x000000001c3a0000)]
  0x000000001a726800 JavaThread "Stdin handler" [_thread_blocked, id=8332, stack(0x000000001c1a0000,0x000000001c2a0000)]
  0x000000001a72c000 JavaThread "Asynchronous log dispatcher for DefaultDaemonConnection: socket connection from /127.0.0.1:57102 to /127.0.0.1:57384" [_thread_blocked, id=16752, stack(0x000000001bea0000,0x000000001bfa0000)]
  0x000000001a729800 JavaThread "Cancel handler" [_thread_blocked, id=18032, stack(0x0000000001780000,0x0000000001880000)]
  0x000000001a729000 JavaThread "Handler for socket connection from /127.0.0.1:57102 to /127.0.0.1:57384" [_thread_in_native, id=8532, stack(0x0000000001680000,0x0000000001780000)]
  0x0000000021e81000 JavaThread "Daemon worker Thread 5" [_thread_blocked, id=15312, stack(0x000000001bda0000,0x000000001bea0000)]
  0x0000000021e85000 JavaThread "Daemon Thread 5" [_thread_blocked, id=11492, stack(0x0000000001580000,0x0000000001680000)]
  0x000000001daf2800 JavaThread "Cache worker for Java compile cache (C:\Users\shaun\.gradle\caches\5.6.4\javaCompile)" [_thread_blocked, id=7184, stack(0x0000000028db0000,0x0000000028eb0000)]
  0x000000001dae9000 JavaThread "MarlinRenderer Disposer" daemon [_thread_blocked, id=13504, stack(0x0000000028ed0000,0x0000000028fd0000)]
  0x0000000021e02800 JavaThread "Java2D Disposer" daemon [_thread_blocked, id=6760, stack(0x0000000028ca0000,0x0000000028da0000)]
  0x0000000021e8a000 JavaThread "Cache worker for file content cache (C:\Users\shaun\.gradle\caches\5.6.4\fileContent)" [_thread_blocked, id=9660, stack(0x0000000022fc0000,0x00000000230c0000)]
  0x000000001a735000 JavaThread "Memory manager" [_thread_blocked, id=13464, stack(0x0000000023dc0000,0x0000000023ec0000)]
  0x000000001a728000 JavaThread "Cache worker for execution history cache (C:\Users\shaun\.gradle\caches\5.6.4\executionHistory)" [_thread_blocked, id=6820, stack(0x0000000020970000,0x0000000020a70000)]
  0x0000000018e1e000 JavaThread "Cache worker for journal cache (C:\Users\shaun\.gradle\caches\journal-1)" [_thread_blocked, id=14260, stack(0x000000001caa0000,0x000000001cba0000)]
  0x0000000018e19800 JavaThread "File lock request listener" [_thread_in_native, id=7460, stack(0x000000001c9a0000,0x000000001caa0000)]
  0x0000000018e1c800 JavaThread "Cache worker for file hash cache (C:\Users\shaun\.gradle\caches\5.6.4\fileHashes)" [_thread_blocked, id=13896, stack(0x000000001c8a0000,0x000000001c9a0000)]
  0x000000001a623800 JavaThread "Daemon periodic checks" [_thread_blocked, id=8064, stack(0x000000001bca0000,0x000000001bda0000)]
  0x000000001a61b000 JavaThread "Incoming local TCP Connector on port 57102" [_thread_in_native, id=9072, stack(0x000000001ba60000,0x000000001bb60000)]
  0x000000001a59f800 JavaThread "Daemon health stats" [_thread_blocked, id=8916, stack(0x000000001b420000,0x000000001b520000)]
  0x00000000186a8800 JavaThread "Service Thread" daemon [_thread_blocked, id=1128, stack(0x0000000018a80000,0x0000000018b80000)]
  0x0000000016d1b800 JavaThread "C1 CompilerThread2" daemon [_thread_blocked, id=8388, stack(0x0000000018580000,0x0000000018680000)]
  0x0000000016d15000 JavaThread "C2 CompilerThread1" daemon [_thread_in_native, id=6436, stack(0x0000000018480000,0x0000000018580000)]
=>0x0000000016d0c000 JavaThread "C2 CompilerThread0" daemon [_thread_in_native, id=15672, stack(0x0000000018380000,0x0000000018480000)]
  0x0000000016d0a800 JavaThread "Attach Listener" daemon [_thread_blocked, id=11324, stack(0x0000000018280000,0x0000000018380000)]
  0x0000000016d09000 JavaThread "Signal Dispatcher" daemon [_thread_blocked, id=14444, stack(0x0000000018180000,0x0000000018280000)]
  0x000000000339b000 JavaThread "Finalizer" daemon [_thread_blocked, id=13540, stack(0x0000000017f80000,0x0000000018080000)]
  0x0000000016cf9000 JavaThread "Reference Handler" daemon [_thread_blocked, id=6632, stack(0x0000000017e80000,0x0000000017f80000)]
  0x000000000329e800 JavaThread "main" [_thread_blocked, id=9392, stack(0x0000000003170000,0x0000000003270000)]

Other Threads:
  0x0000000016cd6800 VMThread [stack: 0x0000000017d80000,0x0000000017e80000] [id=14832]
  0x0000000016d5a800 WatcherThread [stack: 0x0000000018b80000,0x0000000018c80000] [id=12044]

VM state:not at safepoint (normal execution)

VM Mutex/Monitor currently owned by a thread: None

heap address: 0x00000000a0000000, size: 1536 MB, Compressed Oops mode: 32-bit
Narrow klass base: 0x0000000000000000, Narrow klass shift: 3
Compressed class space size: 1073741824 Address: 0x0000000100000000

Heap:
 PSYoungGen      total 445440K, used 240235K [0x00000000e0000000, 0x0000000100000000, 0x0000000100000000)
  eden space 393728K, 47% used [0x00000000e0000000,0x00000000eb880378,0x00000000f8080000)
  from space 51712K, 99% used [0x00000000f8080000,0x00000000fb29aae8,0x00000000fb300000)
  to   space 69120K, 0% used [0x00000000fbc80000,0x00000000fbc80000,0x0000000100000000)
 ParOldGen       total 248832K, used 106920K [0x00000000a0000000, 0x00000000af300000, 0x00000000e0000000)
  object space 248832K, 42% used [0x00000000a0000000,0x00000000a686a238,0x00000000af300000)
 Metaspace       used 111994K, capacity 117918K, committed 118016K, reserved 1153024K
  class space    used 14129K, capacity 15300K, committed 15360K, reserved 1048576K

Card table byte_map: [0x0000000012760000,0x0000000012a70000] byte_map_base: 0x0000000012260000

Marking Bits: (ParMarkBitMap*) 0x0000000077d39f30
 Begin Bits: [0x0000000013070000, 0x0000000014870000)
 End Bits:   [0x0000000014870000, 0x0000000016070000)

Polling page: 0x0000000001340000

CodeCache: size=245760Kb used=78522Kb max_used=78537Kb free=167237Kb
 bounds [0x00000000033a0000, 0x00000000080c0000, 0x00000000123a0000]
 total_blobs=22850 nmethods=21800 adapters=960
 compilation: enabled

Compilation events (10 events):
Event: 1389.549 Thread 0x0000000016d1b800 28144       1       com.android.tools.r8.code.q::j (3 bytes)
Event: 1389.549 Thread 0x0000000016d1b800 nmethod 28144 0x000000000809ba10 code [0x000000000809bb60, 0x000000000809bc70]
Event: 1389.559 Thread 0x0000000016d1b800 28145       1       com.android.tools.r8.code.A3::j (4 bytes)
Event: 1389.560 Thread 0x0000000016d1b800 nmethod 28145 0x000000000809b750 code [0x000000000809b8a0, 0x000000000809b9b0]
Event: 1389.560 Thread 0x0000000016d1b800 28146       2       com.android.tools.r8.code.f0::a (20 bytes)
Event: 1389.560 Thread 0x0000000016d1b800 nmethod 28146 0x000000000809b310 code [0x000000000809b480, 0x000000000809b658]
Event: 1389.561 Thread 0x0000000016d1b800 28148       1       com.android.tools.r8.code.i1::j (3 bytes)
Event: 1389.562 Thread 0x0000000016d1b800 nmethod 28148 0x000000000809b050 code [0x000000000809b1a0, 0x000000000809b2b0]
Event: 1389.578 Thread 0x0000000016d1b800 28149       2       com.android.tools.r8.code.g2::a (17 bytes)
Event: 1389.579 Thread 0x0000000016d1b800 nmethod 28149 0x000000000809ac90 code [0x000000000809ae00, 0x000000000809afa8]

GC Heap History (10 events):
Event: 547.048 GC heap before
{Heap before GC invocations=29 (full 4):
 PSYoungGen      total 475648K, used 457107K [0x00000000e0000000, 0x0000000100000000, 0x0000000100000000)
  eden space 427008K, 100% used [0x00000000e0000000,0x00000000fa100000,0x00000000fa100000)
  from space 48640K, 61% used [0x00000000fd080000,0x00000000fede4cd8,0x0000000100000000)
  to   space 48640K, 0% used [0x00000000fa100000,0x00000000fa100000,0x00000000fd080000)
 ParOldGen       total 248832K, used 78977K [0x00000000a0000000, 0x00000000af300000, 0x00000000e0000000)
  object space 248832K, 31% used [0x00000000a0000000,0x00000000a4d205b0,0x00000000af300000)
 Metaspace       used 107180K, capacity 111996K, committed 112128K, reserved 1146880K
  class space    used 13568K, capacity 14567K, committed 14592K, reserved 1048576K
Event: 547.166 GC heap after
Heap after GC invocations=29 (full 4):
 PSYoungGen      total 475648K, used 48631K [0x00000000e0000000, 0x0000000100000000, 0x0000000100000000)
  eden space 427008K, 0% used [0x00000000e0000000,0x00000000e0000000,0x00000000fa100000)
  from space 48640K, 99% used [0x00000000fa100000,0x00000000fd07dc10,0x00000000fd080000)
  to   space 48640K, 0% used [0x00000000fd080000,0x00000000fd080000,0x0000000100000000)
 ParOldGen       total 248832K, used 97445K [0x00000000a0000000, 0x00000000af300000, 0x00000000e0000000)
  object space 248832K, 39% used [0x00000000a0000000,0x00000000a5f294a0,0x00000000af300000)
 Metaspace       used 107180K, capacity 111996K, committed 112128K, reserved 1146880K
  class space    used 13568K, capacity 14567K, committed 14592K, reserved 1048576K
}
Event: 816.910 GC heap before
{Heap before GC invocations=30 (full 4):
 PSYoungGen      total 475648K, used 475639K [0x00000000e0000000, 0x0000000100000000, 0x0000000100000000)
  eden space 427008K, 100% used [0x00000000e0000000,0x00000000fa100000,0x00000000fa100000)
  from space 48640K, 99% used [0x00000000fa100000,0x00000000fd07dc10,0x00000000fd080000)
  to   space 48640K, 0% used [0x00000000fd080000,0x00000000fd080000,0x0000000100000000)
 ParOldGen       total 248832K, used 97445K [0x00000000a0000000, 0x00000000af300000, 0x00000000e0000000)
  object space 248832K, 39% used [0x00000000a0000000,0x00000000a5f294a0,0x00000000af300000)
 Metaspace       used 109215K, capacity 114358K, committed 114560K, reserved 1148928K
  class space    used 13850K, capacity 14852K, committed 14976K, reserved 1048576K
Event: 816.970 GC heap after
Heap after GC invocations=30 (full 4):
 PSYoungGen      total 441856K, used 46436K [0x00000000e0000000, 0x0000000100000000, 0x0000000100000000)
  eden space 393216K, 0% used [0x00000000e0000000,0x00000000e0000000,0x00000000f8000000)
  from space 48640K, 95% used [0x00000000fd080000,0x00000000ffdd93f8,0x0000000100000000)
  to   space 65536K, 0% used [0x00000000f8000000,0x00000000f8000000,0x00000000fc000000)
 ParOldGen       total 248832K, used 106904K [0x00000000a0000000, 0x00000000af300000, 0x00000000e0000000)
  object space 248832K, 42% used [0x00000000a0000000,0x00000000a6866238,0x00000000af300000)
 Metaspace       used 109215K, capacity 114358K, committed 114560K, reserved 1148928K
  class space    used 13850K, capacity 14852K, committed 14976K, reserved 1048576K
}
Event: 1012.967 GC heap before
{Heap before GC invocations=31 (full 4):
 PSYoungGen      total 441856K, used 439652K [0x00000000e0000000, 0x0000000100000000, 0x0000000100000000)
  eden space 393216K, 100% used [0x00000000e0000000,0x00000000f8000000,0x00000000f8000000)
  from space 48640K, 95% used [0x00000000fd080000,0x00000000ffdd93f8,0x0000000100000000)
  to   space 65536K, 0% used [0x00000000f8000000,0x00000000f8000000,0x00000000fc000000)
 ParOldGen       total 248832K, used 106904K [0x00000000a0000000, 0x00000000af300000, 0x00000000e0000000)
  object space 248832K, 42% used [0x00000000a0000000,0x00000000a6866238,0x00000000af300000)
 Metaspace       used 109541K, capacity 114838K, committed 115072K, reserved 1148928K
  class space    used 13879K, capacity 14900K, committed 14976K, reserved 1048576K
Event: 1012.997 GC heap after
Heap after GC invocations=31 (full 4):
 PSYoungGen      total 458752K, used 38661K [0x00000000e0000000, 0x0000000100000000, 0x0000000100000000)
  eden space 393216K, 0% used [0x00000000e0000000,0x00000000e0000000,0x00000000f8000000)
  from space 65536K, 58% used [0x00000000f8000000,0x00000000fa5c15d0,0x00000000fc000000)
  to   space 65024K, 0% used [0x00000000fc080000,0x00000000fc080000,0x0000000100000000)
 ParOldGen       total 248832K, used 106912K [0x00000000a0000000, 0x00000000af300000, 0x00000000e0000000)
  object space 248832K, 42% used [0x00000000a0000000,0x00000000a6868238,0x00000000af300000)
 Metaspace       used 109541K, capacity 114838K, committed 115072K, reserved 1148928K
  class space    used 13879K, capacity 14900K, committed 14976K, reserved 1048576K
}
Event: 1360.142 GC heap before
{Heap before GC invocations=32 (full 4):
 PSYoungGen      total 458752K, used 431877K [0x00000000e0000000, 0x0000000100000000, 0x0000000100000000)
  eden space 393216K, 100% used [0x00000000e0000000,0x00000000f8000000,0x00000000f8000000)
  from space 65536K, 58% used [0x00000000f8000000,0x00000000fa5c15d0,0x00000000fc000000)
  to   space 65024K, 0% used [0x00000000fc080000,0x00000000fc080000,0x0000000100000000)
 ParOldGen       total 248832K, used 106912K [0x00000000a0000000, 0x00000000af300000, 0x00000000e0000000)
  object space 248832K, 42% used [0x00000000a0000000,0x00000000a6868238,0x00000000af300000)
 Metaspace       used 111667K, capacity 117720K, committed 118016K, reserved 1153024K
  class space    used 14122K, capacity 15289K, committed 15360K, reserved 1048576K
Event: 1360.179 GC heap after
Heap after GC invocations=32 (full 4):
 PSYoungGen      total 458240K, used 40361K [0x00000000e0000000, 0x00000000fff80000, 0x0000000100000000)
  eden space 393728K, 0% used [0x00000000e0000000,0x00000000e0000000,0x00000000f8080000)
  from space 64512K, 62% used [0x00000000fc080000,0x00000000fe7ea6b8,0x00000000fff80000)
  to   space 65024K, 0% used [0x00000000f8080000,0x00000000f8080000,0x00000000fc000000)
 ParOldGen       total 248832K, used 106912K [0x00000000a0000000, 0x00000000af300000, 0x00000000e0000000)
  object space 248832K, 42% used [0x00000000a0000000,0x00000000a6868238,0x00000000af300000)
 Metaspace       used 111667K, capacity 117720K, committed 118016K, reserved 1153024K
  class space    used 14122K, capacity 15289K, committed 15360K, reserved 1048576K
}
Event: 1387.791 GC heap before
{Heap before GC invocations=33 (full 4):
 PSYoungGen      total 458240K, used 433948K [0x00000000e0000000, 0x00000000fff80000, 0x0000000100000000)
  eden space 393728K, 99% used [0x00000000e0000000,0x00000000f805cc80,0x00000000f8080000)
  from space 64512K, 62% used [0x00000000fc080000,0x00000000fe7ea6b8,0x00000000fff80000)
  to   space 65024K, 0% used [0x00000000f8080000,0x00000000f8080000,0x00000000fc000000)
 ParOldGen       total 248832K, used 106912K [0x00000000a0000000, 0x00000000af300000, 0x00000000e0000000)
  object space 248832K, 42% used [0x00000000a0000000,0x00000000a6868238,0x00000000af300000)
 Metaspace       used 111988K, capacity 117918K, committed 118016K, reserved 1153024K
  class space    used 14128K, capacity 15300K, committed 15360K, reserved 1048576K
Event: 1387.910 GC heap after
Heap after GC invocations=33 (full 4):
 PSYoungGen      total 445440K, used 51306K [0x00000000e0000000, 0x0000000100000000, 0x0000000100000000)
  eden space 393728K, 0% used [0x00000000e0000000,0x00000000e0000000,0x00000000f8080000)
  from space 51712K, 99% used [0x00000000f8080000,0x00000000fb29aae8,0x00000000fb300000)
  to   space 69120K, 0% used [0x00000000fbc80000,0x00000000fbc80000,0x0000000100000000)
 ParOldGen       total 248832K, used 106920K [0x00000000a0000000, 0x00000000af300000, 0x00000000e0000000)
  object space 248832K, 42% used [0x00000000a0000000,0x00000000a686a238,0x00000000af300000)
 Metaspace       used 111988K, capacity 117918K, committed 118016K, reserved 1153024K
  class space    used 14128K, capacity 15300K, committed 15360K, reserved 1048576K
}

Deoptimization events (10 events):
Event: 1385.146 Thread 0x0000000021e81000 Uncommon trap: reason=class_check action=maybe_recompile pc=0x0000000007074ff8 method=org.gradle.api.internal.tasks.compile.incremental.deps.ClassSetAnalysisData.getDependents(Ljava/lang/String;)Lorg/gradle/api/internal/tasks/compile/incremental/deps/Depe
Event: 1385.506 Thread 0x0000000021e81000 Uncommon trap: reason=array_check action=maybe_recompile pc=0x000000000613ad88 method=java.util.ComparableTimSort.mergeHi(IIII)V @ 277
Event: 1385.507 Thread 0x0000000021e81000 Uncommon trap: reason=array_check action=maybe_recompile pc=0x000000000613ad08 method=java.util.ComparableTimSort.mergeHi(IIII)V @ 245
Event: 1385.528 Thread 0x0000000021e81000 Uncommon trap: reason=array_check action=maybe_recompile pc=0x0000000007f60084 method=java.util.ComparableTimSort.mergeHi(IIII)V @ 521
Event: 1385.529 Thread 0x0000000021e81000 Uncommon trap: reason=array_check action=maybe_recompile pc=0x0000000007f60084 method=java.util.ComparableTimSort.mergeHi(IIII)V @ 521
Event: 1386.023 Thread 0x0000000021e81000 Uncommon trap: reason=predicate action=maybe_recompile pc=0x0000000007f62914 method=java.util.ComparableTimSort.mergeLo(IIII)V @ 147
Event: 1386.023 Thread 0x0000000021e81000 Uncommon trap: reason=bimorphic action=maybe_recompile pc=0x0000000007b695c4 method=org.gradle.internal.execution.history.changes.SortedMapDiffUtil.diff(Ljava/util/SortedMap;Ljava/util/SortedMap;Lorg/gradle/internal/execution/history/changes/PropertyDiffL
Event: 1386.896 Thread 0x0000000018e1d800 Uncommon trap: reason=array_check action=maybe_recompile pc=0x0000000007c23e7c method=java.util.TimSort.mergeLo(IIII)V @ 133
Event: 1386.896 Thread 0x0000000018e1d800 Uncommon trap: reason=predicate action=maybe_recompile pc=0x0000000007c23b50 method=java.util.TimSort.mergeLo(IIII)V @ 153
Event: 1387.177 Thread 0x0000000021e8c800 Uncommon trap: reason=class_check action=maybe_recompile pc=0x00000000073ca914 method=com.android.tools.r8.dex.DexOutputBuffer.g(I)V @ 108

Classes redefined (0 events):
No events

Internal exceptions (10 events):
Event: 1386.241 Thread 0x000000001d6b9800 Exception <a 'sun/nio/fs/WindowsException'> (0x00000000f4ae8588) thrown at [D:\src\AOSP-openjdk-cygwin\jdk8u\hotspot\src\share\vm\prims\jni.cpp, line 710]
Event: 1386.259 Thread 0x000000001d6b9800 Exception <a 'sun/nio/fs/WindowsException'> (0x00000000f4b2fdd0) thrown at [D:\src\AOSP-openjdk-cygwin\jdk8u\hotspot\src\share\vm\prims\jni.cpp, line 710]
Event: 1386.447 Thread 0x000000001d6b9800 Exception <a 'sun/nio/fs/WindowsException'> (0x00000000f4bbe888) thrown at [D:\src\AOSP-openjdk-cygwin\jdk8u\hotspot\src\share\vm\prims\jni.cpp, line 710]
Event: 1386.588 Thread 0x000000001d6b9800 Exception <a 'sun/nio/fs/WindowsException'> (0x00000000f4e03ed8) thrown at [D:\src\AOSP-openjdk-cygwin\jdk8u\hotspot\src\share\vm\prims\jni.cpp, line 710]
Event: 1387.030 Thread 0x000000001d6b9800 Exception <a 'sun/nio/fs/WindowsException'> (0x00000000f73fe3c8) thrown at [D:\src\AOSP-openjdk-cygwin\jdk8u\hotspot\src\share\vm\prims\jni.cpp, line 710]
Event: 1387.060 Thread 0x000000001d6b9800 Exception <a 'sun/nio/fs/WindowsException'> (0x00000000f76404f8) thrown at [D:\src\AOSP-openjdk-cygwin\jdk8u\hotspot\src\share\vm\prims\jni.cpp, line 710]
Event: 1387.329 Thread 0x000000001d6b9800 Exception <a 'sun/nio/fs/WindowsException'> (0x00000000f797b148) thrown at [D:\src\AOSP-openjdk-cygwin\jdk8u\hotspot\src\share\vm\prims\jni.cpp, line 710]
Event: 1387.498 Thread 0x000000001d6b9800 Exception <a 'sun/nio/fs/WindowsException'> (0x00000000f7982998) thrown at [D:\src\AOSP-openjdk-cygwin\jdk8u\hotspot\src\share\vm\prims\jni.cpp, line 710]
Event: 1387.599 Thread 0x000000001d6b9800 Exception <a 'sun/nio/fs/WindowsException'> (0x00000000f798a1d0) thrown at [D:\src\AOSP-openjdk-cygwin\jdk8u\hotspot\src\share\vm\prims\jni.cpp, line 710]
Event: 1387.921 Thread 0x000000001d6ba000 Exception <a 'sun/nio/fs/WindowsException'> (0x00000000e00651a0) thrown at [D:\src\AOSP-openjdk-cygwin\jdk8u\hotspot\src\share\vm\prims\jni.cpp, line 710]

Events (10 events):
Event: 1388.323 Executing VM operation: RevokeBias
Event: 1388.324 Executing VM operation: RevokeBias done
Event: 1388.330 Executing VM operation: RevokeBias
Event: 1388.330 Executing VM operation: RevokeBias done
Event: 1388.764 Thread 0x000000001d6ba000 DEOPT PACKING pc=0x0000000006c0c844 sp=0x000000002864d910
Event: 1388.764 Thread 0x000000001d6ba000 DEOPT UNPACKING pc=0x00000000033e75d0 sp=0x000000002864d640 mode 0
Event: 1389.200 Thread 0x000000001d6bb000 DEOPT PACKING pc=0x0000000006b3fde4 sp=0x000000002e84f320
Event: 1389.200 Thread 0x000000001d6bb000 DEOPT UNPACKING pc=0x00000000033e75d0 sp=0x000000002e84f160 mode 0
Event: 1389.279 Thread 0x000000001d6bb000 DEOPT PACKING pc=0x0000000006dd36c8 sp=0x000000002e84ee00
Event: 1389.279 Thread 0x000000001d6bb000 DEOPT UNPACKING pc=0x00000000033e75d0 sp=0x000000002e84f108 mode 0


Dynamic libraries:
0x00007ff62e480000 - 0x00007ff62e4b1000 	C:\Program Files\Android\Android Studio\jre\bin\java.exe
0x00007ffb5c480000 - 0x00007ffb5c670000 	C:\WINDOWS\SYSTEM32\ntdll.dll
0x00007ffb5bde0000 - 0x00007ffb5be92000 	C:\WINDOWS\System32\KERNEL32.DLL
0x00007ffb59410000 - 0x00007ffb596b3000 	C:\WINDOWS\System32\KERNELBASE.dll
0x00007ffb5beb0000 - 0x00007ffb5bf53000 	C:\WINDOWS\System32\ADVAPI32.dll
0x00007ffb5bd40000 - 0x00007ffb5bdde000 	C:\WINDOWS\System32\msvcrt.dll
0x00007ffb5bf60000 - 0x00007ffb5bff7000 	C:\WINDOWS\System32\sechost.dll
0x00007ffb5b8e0000 - 0x00007ffb5ba00000 	C:\WINDOWS\System32\RPCRT4.dll
0x00007ffb5b740000 - 0x00007ffb5b8d4000 	C:\WINDOWS\System32\USER32.dll
0x00007ffb5a500000 - 0x00007ffb5a521000 	C:\WINDOWS\System32\win32u.dll
0x00007ffb5b710000 - 0x00007ffb5b736000 	C:\WINDOWS\System32\GDI32.dll
0x00007ffb59720000 - 0x00007ffb598b4000 	C:\WINDOWS\System32\gdi32full.dll
0x00007ffb5a210000 - 0x00007ffb5a2ae000 	C:\WINDOWS\System32\msvcp_win.dll
0x00007ffb598c0000 - 0x00007ffb599ba000 	C:\WINDOWS\System32\ucrtbase.dll
0x00007ffb4b350000 - 0x00007ffb4b5d5000 	C:\WINDOWS\WinSxS\amd64_microsoft.windows.common-controls_6595b64144ccf1df_6.0.18362.778_none_e6c6b761130d4fb8\COMCTL32.dll
0x00007ffb5c0f0000 - 0x00007ffb5c426000 	C:\WINDOWS\System32\combase.dll
0x00007ffb5a480000 - 0x00007ffb5a500000 	C:\WINDOWS\System32\bcryptPrimitives.dll
0x00007ffb5bd10000 - 0x00007ffb5bd3e000 	C:\WINDOWS\System32\IMM32.DLL
0x0000000077390000 - 0x0000000077462000 	C:\Program Files\Android\Android Studio\jre\jre\bin\msvcr100.dll
0x0000000077570000 - 0x0000000077db6000 	C:\Program Files\Android\Android Studio\jre\jre\bin\server\jvm.dll
0x00007ffb5c430000 - 0x00007ffb5c438000 	C:\WINDOWS\System32\PSAPI.DLL
0x00007ffb3eea0000 - 0x00007ffb3eea9000 	C:\WINDOWS\SYSTEM32\WSOCK32.dll
0x00007ffb57640000 - 0x00007ffb57664000 	C:\WINDOWS\SYSTEM32\WINMM.dll
0x00007ffb5c000000 - 0x00007ffb5c06f000 	C:\WINDOWS\System32\WS2_32.dll
0x00007ffb53af0000 - 0x00007ffb53afa000 	C:\WINDOWS\SYSTEM32\VERSION.dll
0x00007ffb573f0000 - 0x00007ffb5741d000 	C:\WINDOWS\SYSTEM32\winmmbase.dll
0x00007ffb5a2b0000 - 0x00007ffb5a2fa000 	C:\WINDOWS\System32\cfgmgr32.dll
0x00007ffb57600000 - 0x00007ffb5760f000 	C:\Program Files\Android\Android Studio\jre\jre\bin\verify.dll
0x00007ffb4f8e0000 - 0x00007ffb4f909000 	C:\Program Files\Android\Android Studio\jre\jre\bin\java.dll
0x00007ffb57560000 - 0x00007ffb57576000 	C:\Program Files\Android\Android Studio\jre\jre\bin\zip.dll
0x00007ffb5aee0000 - 0x00007ffb5b5c5000 	C:\WINDOWS\System32\SHELL32.dll
0x00007ffb5bb30000 - 0x00007ffb5bbd9000 	C:\WINDOWS\System32\shcore.dll
0x00007ffb59a70000 - 0x00007ffb5a1f0000 	C:\WINDOWS\System32\windows.storage.dll
0x00007ffb593e0000 - 0x00007ffb59403000 	C:\WINDOWS\System32\profapi.dll
0x00007ffb59350000 - 0x00007ffb5939a000 	C:\WINDOWS\System32\powrprof.dll
0x00007ffb59340000 - 0x00007ffb59350000 	C:\WINDOWS\System32\UMPDC.dll
0x00007ffb5c070000 - 0x00007ffb5c0c2000 	C:\WINDOWS\System32\shlwapi.dll
0x00007ffb593c0000 - 0x00007ffb593d1000 	C:\WINDOWS\System32\kernel.appcore.dll
0x00007ffb5a1f0000 - 0x00007ffb5a207000 	C:\WINDOWS\System32\cryptsp.dll
0x00007ffb51790000 - 0x00007ffb517aa000 	C:\Program Files\Android\Android Studio\jre\jre\bin\net.dll
0x00007ffb4bd60000 - 0x00007ffb4bf35000 	C:\WINDOWS\SYSTEM32\urlmon.dll
0x00007ffb4f4c0000 - 0x00007ffb4f766000 	C:\WINDOWS\SYSTEM32\iertutil.dll
0x00007ffb58d80000 - 0x00007ffb58d8c000 	C:\WINDOWS\SYSTEM32\CRYPTBASE.DLL
0x00007ffb58bb0000 - 0x00007ffb58c17000 	C:\WINDOWS\system32\mswsock.dll
0x00007ffb51300000 - 0x00007ffb51313000 	C:\Program Files\Android\Android Studio\jre\jre\bin\nio.dll
0x00007ffb47890000 - 0x00007ffb478b6000 	C:\Users\shaun\.gradle\native\30\windows-amd64\native-platform.dll
0x00007ffb55c50000 - 0x00007ffb55c5d000 	C:\Program Files\Android\Android Studio\jre\jre\bin\management.dll
0x00007ffb58720000 - 0x00007ffb58753000 	C:\WINDOWS\system32\rsaenh.dll
0x00007ffb5a450000 - 0x00007ffb5a476000 	C:\WINDOWS\System32\bcrypt.dll
0x00007ffb59260000 - 0x00007ffb59285000 	C:\WINDOWS\SYSTEM32\USERENV.dll
0x00007ffb588c0000 - 0x00007ffb588fa000 	C:\WINDOWS\SYSTEM32\IPHLPAPI.DLL
0x00007ffb5a710000 - 0x00007ffb5a718000 	C:\WINDOWS\System32\NSI.dll
0x00007ffb54e30000 - 0x00007ffb54e46000 	C:\WINDOWS\SYSTEM32\dhcpcsvc6.DLL
0x00007ffb544c0000 - 0x00007ffb544dc000 	C:\WINDOWS\SYSTEM32\dhcpcsvc.DLL
0x00007ffb58900000 - 0x00007ffb589ca000 	C:\WINDOWS\SYSTEM32\DNSAPI.dll
0x00007ffb479b0000 - 0x00007ffb479d4000 	C:\Program Files\Android\Android Studio\jre\jre\bin\sunec.dll
0x00007ffb49670000 - 0x00007ffb4967a000 	C:\Windows\System32\rasadhlp.dll
0x00007ffb53010000 - 0x00007ffb53087000 	C:\WINDOWS\System32\fwpuclnt.dll
0x00007ffb4ed80000 - 0x00007ffb4ed8b000 	C:\Program Files\Android\Android Studio\jre\jre\bin\sunmscapi.dll
0x00007ffb5a300000 - 0x00007ffb5a449000 	C:\WINDOWS\System32\CRYPT32.dll
0x00007ffb593a0000 - 0x00007ffb593b2000 	C:\WINDOWS\System32\MSASN1.dll
0x00007ffb583a0000 - 0x00007ffb583d1000 	C:\WINDOWS\SYSTEM32\ntmarta.dll
0x00007ffb57470000 - 0x00007ffb574ff000 	C:\WINDOWS\system32\apphelp.dll
0x00007ffb238b0000 - 0x00007ffb23a4c000 	C:\Program Files\Android\Android Studio\jre\jre\bin\awt.dll
0x00007ffb5bc40000 - 0x00007ffb5bd04000 	C:\WINDOWS\System32\OLEAUT32.dll
0x00007ffb57bf0000 - 0x00007ffb57c1d000 	C:\WINDOWS\SYSTEM32\dwmapi.dll
0x00007ffb55e70000 - 0x00007ffb56430000 	C:\WINDOWS\SYSTEM32\d2d1.dll
0x00007ffb576c0000 - 0x00007ffb57759000 	C:\WINDOWS\system32\uxtheme.dll

VM Arguments:
jvm_args: -Xmx1536m -Dfile.encoding=windows-1252 -Duser.country=GB -Duser.language=en -Duser.variant 
java_command: org.gradle.launcher.daemon.bootstrap.GradleDaemon 5.6.4
java_class_path (initial): C:\Users\shaun\.gradle\wrapper\dists\gradle-5.6.4-all\ankdp27end7byghfw1q2sw75f\gradle-5.6.4\lib\gradle-launcher-5.6.4.jar
Launcher Type: SUN_STANDARD

Environment Variables:
PATH=C:\Program Files (x86)\Common Files\Oracle\Java\javapath;C:\WINDOWS\system32;C:\WINDOWS;C:\WINDOWS\System32\Wbem;C:\WINDOWS\System32\WindowsPowerShell\v1.0\;C:\WINDOWS\System32\OpenSSH\;C:\Program Files (x86)\NVIDIA Corporation\PhysX\Common;C:\Program Files\NVIDIA Corporation\NVIDIA NvDLISR;C:\Program Files\dotnet\;C:\Program Files\Microsoft SQL Server\130\Tools\Binn\;C:\Program Files\Git\cmd;C:\WINDOWS\system32;C:\WINDOWS;C:\WINDOWS\System32\Wbem;C:\WINDOWS\System32\WindowsPowerShell\v1.0\;C:\WINDOWS\System32\OpenSSH\;C:\Program Files\PuTTY\;C:\Program Files\nodejs\;D:\Programs\Streamlink\bin;C:\Users\shaun\AppData\Local\Microsoft\WindowsApps;C:\Users\shaun\AppData\Local\GitHubDesktop\bin;D:\Programs\MiKTeX 2.9\miktex\bin\x64\;C:\Users\shaun\AppData\Local\Microsoft\WindowsApps;C:\Users\shaun\AppData\Roaming\npm;D:\Programs\Microsoft VS Code\bin
USERNAME=shaun
OS=Windows_NT
PROCESSOR_IDENTIFIER=Intel64 Family 6 Model 60 Stepping 3, GenuineIntel



---------------  S Y S T E M  ---------------

OS: Windows 10.0 , 64 bit Build 18362 (10.0.18362.778)

CPU:total 4 (initial active 4) (4 cores per cpu, 1 threads per core) family 6 model 60 stepping 3, cmov, cx8, fxsr, mmx, sse, sse2, sse3, ssse3, sse4.1, sse4.2, popcnt, avx, avx2, aes, clmul, erms, lzcnt, tsc, tscinvbit, bmi1, bmi2

Memory: 4k page, physical 12444044k(1315816k free), swap 16540044k(7844k free)

vm_info: OpenJDK 64-Bit Server VM (25.212-b04) for windows-amd64 JRE (1.8.0_212-release-1586-b04), built by "builder" with MS VC++ 10.0 (VS2010)

time: Sat May 02 13:42:20 2020
timezone: GMT Summer Time
elapsed time: 1389 seconds (0d 0h 23m 9s)

